Testsuite: samples.SampleUIRegressionTests
Tests run: 1, Failures: 0, Errors: 1, Time elapsed: 21.962 sec
------------- Standard Output ---------------
--Output from testUntitled--
------------- ---------------- ---------------
------------- Standard Error -----------------
--Output from testUntitled--
------------- ---------------- ---------------

Testcase: testUntitled took 21.957 sec
	Caused an ERROR
Could not start Selenium session: Failed to start new browser session: Error while launching browser
java.lang.RuntimeException: Could not start Selenium session: Failed to start new browser session: Error while launching browser
	at com.thoughtworks.selenium.DefaultSelenium.start(DefaultSelenium.java:89)
	at com.thoughtworks.selenium.SeleneseTestBase.setUp(SeleneseTestBase.java:123)
	at com.thoughtworks.selenium.SeleneseTestBase.setUp(SeleneseTestBase.java:104)
	at com.thoughtworks.selenium.SeleneseTestCase.setUp(SeleneseTestCase.java:78)
	at net.jozefdransfield.uiregression.UIRegressionTestCase.super$4$setUp(UIRegressionTestCase.groovy)
	at samples.SampleUIRegressionTests.setUp(SampleUIRegressionTests.groovy:9)
	at com.thoughtworks.selenium.SeleneseTestCase.runBare(SeleneseTestCase.java:212)
	at _GrailsTest_groovy$_run_closure4.doCall(_GrailsTest_groovy:203)
	at _GrailsTest_groovy$_run_closure4.call(_GrailsTest_groovy)
	at _GrailsTest_groovy$_run_closure2.doCall(_GrailsTest_groovy:147)
	at _GrailsTest_groovy$_run_closure1_closure19.doCall(_GrailsTest_groovy:113)
	at _GrailsTest_groovy$_run_closure1.doCall(_GrailsTest_groovy:96)
	at TestApp$_run_closure1.doCall(TestApp.groovy:66)
	at gant.Gant$_dispatch_closure4.doCall(Gant.groovy:324)
	at gant.Gant$_dispatch_closure6.doCall(Gant.groovy:334)
	at gant.Gant$_dispatch_closure6.doCall(Gant.groovy)
	at gant.Gant.withBuildListeners(Gant.groovy:344)
	at gant.Gant.this$2$withBuildListeners(Gant.groovy)
	at gant.Gant$this$2$withBuildListeners.callCurrent(Unknown Source)
	at gant.Gant.dispatch(Gant.groovy:334)
	at gant.Gant.this$2$dispatch(Gant.groovy)
	at gant.Gant.invokeMethod(Gant.groovy)
	at gant.Gant.processTargets(Gant.groovy:495)
	at gant.Gant.processTargets(Gant.groovy:480)
Caused by: com.thoughtworks.selenium.SeleniumException: Failed to start new browser session: Error while launching browser
	at com.thoughtworks.selenium.HttpCommandProcessor.throwAssertionFailureExceptionOrError(HttpCommandProcessor.java:97)
	at com.thoughtworks.selenium.HttpCommandProcessor.doCommand(HttpCommandProcessor.java:91)
	at com.thoughtworks.selenium.HttpCommandProcessor.getString(HttpCommandProcessor.java:262)
	at com.thoughtworks.selenium.HttpCommandProcessor.start(HttpCommandProcessor.java:223)
	at com.thoughtworks.selenium.DefaultSelenium.start(DefaultSelenium.java:81)

